<?xml version="1.0" encoding="UTF-8"?>
<!-- Generated by org.testng.reporters.JUnitReportReporter -->
<testsuite hostname="giangvo" failures="0" tests="1" name="testcases.TestModifierTag" time="12.939" errors="0" timestamp="2023-10-05T17:33:10 EDT" skipped="0">
  <testcase classname="testcases.TestModifierTag" name="testModifierTag" time="12.939"/>
</testsuite> <!-- testcases.TestModifierTag -->
