<?xml version="1.0" encoding="UTF-8"?>
<!-- Generated by org.testng.reporters.JUnitReportReporter -->
<testsuite hostname="giangvo" failures="0" tests="1" name="testcases.TestLoginLogout" time="25.561" errors="0" timestamp="2023-10-03T14:46:02 EDT" skipped="0">
  <testcase classname="testcases.TestLoginLogout" name="ouvrirOutilAdmin" time="25.561"/>
</testsuite> <!-- testcases.TestLoginLogout -->
