<?xml version="1.0" encoding="UTF-8"?>
<!-- Generated by org.testng.reporters.JUnitReportReporter -->
<testsuite hostname="giangvo" failures="0" tests="4" name="testcases.TestCreerUnModele" time="5.479" errors="0" timestamp="2023-10-05T14:35:37 EDT" skipped="0">
  <testcase classname="testcases.TestCreerUnModele" name="testCreerUnModele" time="1.381"/>
  <testcase classname="testcases.TestCreerUnModele" name="testCreerUnModele" time="1.324"/>
  <testcase classname="testcases.TestCreerUnModele" name="testCreerUnModele" time="1.426"/>
  <testcase classname="testcases.TestCreerUnModele" name="testCreerUnModele" time="1.348"/>
</testsuite> <!-- testcases.TestCreerUnModele -->
