<?xml version="1.0" encoding="UTF-8"?>
<!-- Generated by org.testng.reporters.JUnitReportReporter -->
<testsuite hostname="giangvo" failures="0" tests="4" name="testcases.TestSupprimerModele" time="4.915" errors="0" timestamp="2023-10-05T14:35:37 EDT" skipped="0">
  <testcase classname="testcases.TestSupprimerModele" name="deleteModele" time="1.278"/>
  <testcase classname="testcases.TestSupprimerModele" name="deleteModele" time="1.239"/>
  <testcase classname="testcases.TestSupprimerModele" name="deleteModele" time="1.164"/>
  <testcase classname="testcases.TestSupprimerModele" name="deleteModele" time="1.234"/>
</testsuite> <!-- testcases.TestSupprimerModele -->
