<?xml version="1.0" encoding="UTF-8"?>
<!-- Generated by org.testng.reporters.JUnitReportReporter -->
<testsuite hostname="giangvo" failures="0" tests="4" name="testcases.TestSupprimerModele" time="17.241" errors="0" timestamp="2023-10-04T13:19:56 EDT" skipped="0">
  <testcase classname="testcases.TestSupprimerModele" name="deleteModele" time="4.381"/>
  <testcase classname="testcases.TestSupprimerModele" name="deleteModele" time="4.354"/>
  <testcase classname="testcases.TestSupprimerModele" name="deleteModele" time="4.246"/>
  <testcase classname="testcases.TestSupprimerModele" name="deleteModele" time="4.260"/>
</testsuite> <!-- testcases.TestSupprimerModele -->
