<?xml version="1.0" encoding="UTF-8"?>
<!-- Generated by org.testng.reporters.JUnitReportReporter -->
<testsuite hostname="giangvo" failures="0" tests="4" name="testcases.TestCreerUnModele" time="18.008" errors="0" timestamp="2023-10-04T13:19:56 EDT" skipped="0">
  <testcase classname="testcases.TestCreerUnModele" name="testCreerUnModele" time="4.493"/>
  <testcase classname="testcases.TestCreerUnModele" name="testCreerUnModele" time="4.516"/>
  <testcase classname="testcases.TestCreerUnModele" name="testCreerUnModele" time="4.469"/>
  <testcase classname="testcases.TestCreerUnModele" name="testCreerUnModele" time="4.530"/>
</testsuite> <!-- testcases.TestCreerUnModele -->
