<?xml version="1.0" encoding="UTF-8"?>
<!-- Generated by org.testng.reporters.JUnitReportReporter -->
<testsuite hostname="giangvo" failures="0" tests="8" name="testcases.TestCallData" time="0.008" errors="0" timestamp="2023-10-04T13:19:56 EDT" skipped="0">
  <testcase classname="testcases.TestCallData" name="lireData" time="0.003"/>
  <testcase classname="testcases.TestCallData" name="lireDataCol" time="0.000"/>
  <testcase classname="testcases.TestCallData" name="lireData" time="0.002"/>
  <testcase classname="testcases.TestCallData" name="lireDataCol" time="0.000"/>
  <testcase classname="testcases.TestCallData" name="lireData" time="0.001"/>
  <testcase classname="testcases.TestCallData" name="lireDataCol" time="0.001"/>
  <testcase classname="testcases.TestCallData" name="lireData" time="0.000"/>
  <testcase classname="testcases.TestCallData" name="lireDataCol" time="0.001"/>
</testsuite> <!-- testcases.TestCallData -->
